<?xml version="1.0" encoding="UTF-8"?>
<robot generator="Robot 3.1 (Python 3.8.1 on darwin)" generated="20200920 15:44:30.186" rpa="false">
<suite id="s1" name="Login" source="/Users/sherrychen/Documents/Automation_Scripts/test/login.robot">
<test id="s1-t1" name="Open LINE購物">
<kw name="Open Browser" library="Selenium2Library">
<doc>Opens a new browser instance to the optional ``url``.</doc>
<arguments>
<arg>${Url}</arg>
<arg>${Browser}</arg>
</arguments>
<msg timestamp="20200920 15:44:30.433" level="INFO">Opening browser 'chrome' to base url 'https://buy.line.me/'.</msg>
<status status="PASS" starttime="20200920 15:44:30.433" endtime="20200920 15:44:35.111"></status>
</kw>
<kw name="Wait Until Element Is Enabled" library="Selenium2Library">
<doc>Waits until the element ``locator`` is enabled.</doc>
<arguments>
<arg>${PopUp}</arg>
<arg>${Time}</arg>
</arguments>
<status status="PASS" starttime="20200920 15:44:35.112" endtime="20200920 15:44:35.180"></status>
</kw>
<status status="PASS" starttime="20200920 15:44:30.433" endtime="20200920 15:44:35.180" critical="yes"></status>
</test>
<test id="s1-t2" name="Login to LINE購物">
<kw name="Click Element" library="Selenium2Library">
<doc>Click the element identified by ``locator``.</doc>
<arguments>
<arg>${CloseButton}</arg>
</arguments>
<msg timestamp="20200920 15:44:35.182" level="INFO">Clicking element '//*[@id="app"]/div[4]/div/div'.</msg>
<status status="PASS" starttime="20200920 15:44:35.182" endtime="20200920 15:44:35.280"></status>
</kw>
<status status="PASS" starttime="20200920 15:44:35.181" endtime="20200920 15:44:35.280" critical="yes"></status>
</test>
<test id="s1-t3" name="Click 我的 on navigation bar">
<kw name="Click Element" library="Selenium2Library">
<doc>Click the element identified by ``locator``.</doc>
<arguments>
<arg>${Nav_MyAccount}</arg>
</arguments>
<msg timestamp="20200920 15:44:35.282" level="INFO">Clicking element '//*[@id="app"]/nav/a[5]'.</msg>
<status status="PASS" starttime="20200920 15:44:35.282" endtime="20200920 15:44:35.378"></status>
</kw>
<kw name="Wait Until Page Contains Element" library="Selenium2Library">
<doc>Waits until the element ``locator`` appears on the current page.</doc>
<arguments>
<arg>${LoginButton}</arg>
</arguments>
<status status="PASS" starttime="20200920 15:44:35.378" endtime="20200920 15:44:35.695"></status>
</kw>
<status status="PASS" starttime="20200920 15:44:35.281" endtime="20200920 15:44:35.695" critical="yes"></status>
</test>
<test id="s1-t4" name="Click Login Button">
<kw name="Click Element" library="Selenium2Library">
<doc>Click the element identified by ``locator``.</doc>
<arguments>
<arg>${LoginButton}</arg>
</arguments>
<msg timestamp="20200920 15:44:35.696" level="INFO">Clicking element '//*[@id="app"]/div[2]/div[2]/div[2]/a'.</msg>
<status status="PASS" starttime="20200920 15:44:35.695" endtime="20200920 15:44:36.503"></status>
</kw>
<kw name="Wait Until Page Contains Element" library="Selenium2Library">
<doc>Waits until the element ``locator`` appears on the current page.</doc>
<arguments>
<arg>${AccountTextfield}</arg>
</arguments>
<status status="PASS" starttime="20200920 15:44:36.503" endtime="20200920 15:44:36.512"></status>
</kw>
<status status="PASS" starttime="20200920 15:44:35.695" endtime="20200920 15:44:36.512" critical="yes"></status>
</test>
<test id="s1-t5" name="Input Account&amp;PWD">
<kw name="Input Text" library="Selenium2Library">
<doc>Types the given ``text`` into the text field identified by ``locator``.</doc>
<arguments>
<arg>${AccountTextfield}</arg>
<arg>${Account}</arg>
</arguments>
<msg timestamp="20200920 15:44:36.513" level="INFO">Typing text 'linetw.gepqa2@gmail.com' into text field '//*[@id="app"]/div/div/div/div[2]/div/form/fieldset/div[1]/input'.</msg>
<status status="PASS" starttime="20200920 15:44:36.513" endtime="20200920 15:44:36.696"></status>
</kw>
<kw name="Input Password" library="Selenium2Library">
<doc>Types the given password into the text field identified by ``locator``.</doc>
<arguments>
<arg>${PWDTextfield}</arg>
<arg>${PWD}</arg>
</arguments>
<msg timestamp="20200920 15:44:36.697" level="INFO">Typing password into text field '//*[@id="app"]/div/div/div/div[2]/div/form/fieldset/div[2]/input'.</msg>
<msg timestamp="20200920 15:44:36.729" level="INFO">Temporally setting log level to: NONE</msg>
<msg timestamp="20200920 15:44:36.775" level="INFO">Log level changed from NONE to INFO.</msg>
<status status="PASS" starttime="20200920 15:44:36.697" endtime="20200920 15:44:36.775"></status>
</kw>
<kw name="Click Element" library="Selenium2Library">
<doc>Click the element identified by ``locator``.</doc>
<arguments>
<arg>${LINELoginButton}</arg>
</arguments>
<msg timestamp="20200920 15:44:36.775" level="INFO">Clicking element '//*[@id="app"]/div/div/div/div[2]/div/form/fieldset/div[3]/button'.</msg>
<status status="PASS" starttime="20200920 15:44:36.775" endtime="20200920 15:44:36.816"></status>
</kw>
<kw name="Wait Until Page Contains Element" library="Selenium2Library">
<doc>Waits until the element ``locator`` appears on the current page.</doc>
<arguments>
<arg>${HeadIcon}</arg>
</arguments>
<status status="PASS" starttime="20200920 15:44:36.816" endtime="20200920 15:44:37.975"></status>
</kw>
<kw name="Page Should Contain" library="Selenium2Library">
<doc>Verifies that current page contains ``text``.</doc>
<arguments>
<arg>${AccountName}</arg>
</arguments>
<msg timestamp="20200920 15:44:38.115" level="INFO">Current page contains text 'iphone6rc'.</msg>
<status status="PASS" starttime="20200920 15:44:37.975" endtime="20200920 15:44:38.115"></status>
</kw>
<status status="PASS" starttime="20200920 15:44:36.512" endtime="20200920 15:44:38.116" critical="yes"></status>
</test>
<test id="s1-t6" name="Close LINE購物">
<kw name="Close Browser" library="Selenium2Library">
<doc>Closes the current browser.</doc>
<status status="PASS" starttime="20200920 15:44:38.117" endtime="20200920 15:44:38.335"></status>
</kw>
<status status="PASS" starttime="20200920 15:44:38.116" endtime="20200920 15:44:38.335" critical="yes"></status>
</test>
<status status="PASS" starttime="20200920 15:44:30.189" endtime="20200920 15:44:38.337"></status>
</suite>
<statistics>
<total>
<stat pass="6" fail="0">Critical Tests</stat>
<stat pass="6" fail="0">All Tests</stat>
</total>
<tag>
</tag>
<suite>
<stat pass="6" fail="0" id="s1" name="Login">Login</stat>
</suite>
</statistics>
<errors>
</errors>
</robot>
